<?xml version="1.0" encoding="UTF-8"?>
<testng-results skipped="0" failed="0" ignored="0" total="1" passed="1">
  <reporter-output>
  </reporter-output>
  <suite name="Default suite" duration-ms="27015" started-at="2017-09-20T05:59:07Z" finished-at="2017-09-20T05:59:34Z">
    <groups>
    </groups>
    <test name="Default test" duration-ms="27015" started-at="2017-09-20T05:59:07Z" finished-at="2017-09-20T05:59:34Z">
      <class name="com.app.mobile.test.StartApplicationTest">
        <test-method status="PASS" signature="startServer()[pri:0, instance:com.app.mobile.test.StartApplicationTest@61832929]" name="startServer" is-config="true" duration-ms="21872" started-at="2017-09-20T11:28:46Z" finished-at="2017-09-20T11:29:07Z">
          <reporter-output>
          </reporter-output>
        </test-method> <!-- startServer -->
        <test-method status="PASS" signature="launchAppTest()[pri:0, instance:com.app.mobile.test.StartApplicationTest@61832929]" name="launchAppTest" duration-ms="26993" started-at="2017-09-20T11:29:07Z" finished-at="2017-09-20T11:29:34Z">
          <reporter-output>
          </reporter-output>
        </test-method> <!-- launchAppTest -->
      </class> <!-- com.app.mobile.test.StartApplicationTest -->
    </test> <!-- Default test -->
  </suite> <!-- Default suite -->
</testng-results>
