<?xml version="1.0" encoding="UTF-8"?>
<testng-results skipped="0" failed="0" ignored="0" total="1" passed="1">
  <reporter-output>
  </reporter-output>
  <suite name="Default suite" duration-ms="30815" started-at="2017-09-20T06:41:52Z" finished-at="2017-09-20T06:42:23Z">
    <groups>
    </groups>
    <test name="Default test" duration-ms="30815" started-at="2017-09-20T06:41:52Z" finished-at="2017-09-20T06:42:23Z">
      <class name="com.app.mobile.test.ParkMobileLoginTest">
        <test-method status="PASS" signature="startServer()[pri:0, instance:com.app.mobile.test.ParkMobileLoginTest@46d56d67]" name="startServer" duration-ms="30792" started-at="2017-09-20T12:11:52Z" finished-at="2017-09-20T12:12:23Z">
          <reporter-output>
          </reporter-output>
        </test-method> <!-- startServer -->
      </class> <!-- com.app.mobile.test.ParkMobileLoginTest -->
    </test> <!-- Default test -->
  </suite> <!-- Default suite -->
</testng-results>
